\BOOKMARK [0][-]{Doc-Start}{Introduction}{}% 1
\BOOKMARK [0][-]{chapter.1}{The theory framework}{}% 2
\BOOKMARK [1][-]{section.1.1}{The gauge principle in quantum field theory}{chapter.1}% 3
\BOOKMARK [2][-]{subsection.1.1.1}{Quantum Chromodynamics}{section.1.1}% 4
\BOOKMARK [2][-]{subsection.1.1.2}{The electro-weak sector}{section.1.1}% 5
\BOOKMARK [3][-]{subsubsection.1.1.2.1}{GIM mechanism}{subsection.1.1.2}% 6
\BOOKMARK [3][-]{subsubsection.1.1.2.2}{CKM matrix}{subsection.1.1.2}% 7
\BOOKMARK [1][-]{section.1.2}{Top quark physics}{chapter.1}% 8
\BOOKMARK [1][-]{section.1.3}{Theories for physics beyond the Standard Model}{chapter.1}% 9
\BOOKMARK [2][-]{subsection.1.3.1}{Quark singlets}{section.1.3}% 10
\BOOKMARK [2][-]{subsection.1.3.2}{Two Higgs Doublet Model}{section.1.3}% 11
\BOOKMARK [2][-]{subsection.1.3.3}{Minimal Supersymmetric Standard Model}{section.1.3}% 12
\BOOKMARK [0][-]{chapter.2}{The LHC accelerator and the ATLAS experiment}{}% 13
\BOOKMARK [1][-]{section.2.1}{The LHC accelerator}{chapter.2}% 14
\BOOKMARK [1][-]{section.2.2}{The ATLAS detector}{chapter.2}% 15
\BOOKMARK [2][-]{subsection.2.2.1}{Magnet system}{section.2.2}% 16
\BOOKMARK [2][-]{subsection.2.2.2}{The inner Detector}{section.2.2}% 17
\BOOKMARK [2][-]{subsection.2.2.3}{The calorimetric system}{section.2.2}% 18
\BOOKMARK [2][-]{subsection.2.2.4}{Muon spectrometer}{section.2.2}% 19
\BOOKMARK [2][-]{subsection.2.2.5}{ATLAS trigger and data acquisition}{section.2.2}% 20
\BOOKMARK [0][-]{chapter.3}{The Trigger system upgrade for High-Luminosity LHC}{}% 21
\BOOKMARK [1][-]{section.3.1}{Resistive Plate Chambers}{chapter.3}% 22
\BOOKMARK [1][-]{section.3.2}{Hit digitization in the BI region}{chapter.3}% 23
\BOOKMARK [2][-]{subsection.3.2.1}{Cluster Size model}{section.3.2}% 24
\BOOKMARK [2][-]{subsection.3.2.2}{Timing}{section.3.2}% 25
\BOOKMARK [2][-]{subsection.3.2.3}{BI RPCs with two-sides - \040readout}{section.3.2}% 26
\BOOKMARK [1][-]{section.3.3}{L0 barrel trigger efficiency}{chapter.3}% 27
\BOOKMARK [2][-]{subsection.3.3.1}{BM and BO retrofitting}{section.3.3}% 28
\BOOKMARK [2][-]{subsection.3.3.2}{Dropping BIR and BIM chambers}{section.3.3}% 29
\BOOKMARK [0][-]{chapter.4}{The Soft Muon Tagging}{}% 30
\BOOKMARK [1][-]{section.4.1}{Working Point definition}{chapter.4}% 31
\BOOKMARK [1][-]{section.4.2}{Mistag rate measurement}{chapter.4}% 32
\BOOKMARK [1][-]{section.4.3}{Efficiency measurements}{chapter.4}% 33
\BOOKMARK [0][-]{chapter.5}{Search for the FCNC decay of top-quark in c-quark and Z boson}{}% 34
\BOOKMARK [1][-]{section.5.1}{Physics motivation}{chapter.5}% 35
\BOOKMARK [1][-]{section.5.2}{Analysis strategy}{chapter.5}% 36
\BOOKMARK [1][-]{section.5.3}{MC simulated samples}{chapter.5}% 37
\BOOKMARK [1][-]{section.5.4}{Event selections and reconstruction}{chapter.5}% 38
\BOOKMARK [2][-]{subsection.5.4.1}{Offline selection}{section.5.4}% 39
\BOOKMARK [2][-]{subsection.5.4.2}{Event classification}{section.5.4}% 40
\BOOKMARK [2][-]{subsection.5.4.3}{Background control and validation regions}{section.5.4}% 41
\BOOKMARK [1][-]{section.5.5}{Estimation of the fake-lepton background}{chapter.5}% 42
\BOOKMARK [2][-]{subsection.5.5.1}{Fake Scale Factors fit regions}{section.5.5}% 43
\BOOKMARK [2][-]{subsection.5.5.2}{Determination of Fake Scale Factors}{section.5.5}% 44
\BOOKMARK [1][-]{section.5.6}{Signal-to-background discrimination}{chapter.5}% 45
\BOOKMARK [1][-]{section.5.7}{Background estimation}{chapter.5}% 46
\BOOKMARK [2][-]{subsection.5.7.1}{Signal injection tests}{section.5.7}% 47
\BOOKMARK [1][-]{section.5.8}{Systematic uncertainties}{chapter.5}% 48
\BOOKMARK [1][-]{section.5.9}{Statistical analysis}{chapter.5}% 49
\BOOKMARK [1][-]{section.5.10}{Results}{chapter.5}% 50
\BOOKMARK [0][-]{chapter.6}{Conclusions}{}% 51
\BOOKMARK [0][-]{chapter.1}{Mass Resolution}{}% 52
\BOOKMARK [0][-]{section*.3}{References}{}% 53
